Arguments: 
  /Users/paul/.nvm/versions/node/v16.14.2/bin/node /Users/paul/.node/corepack/yarn/1.22.15/bin/yarn.js add @lodestar/config/default

PATH: 
  /opt/homebrew/opt/curl/bin:/opt/homebrew/opt/llvm/bin:/Users/paul/.nvm/versions/node/v16.14.2/bin:/Users/paul/.local/share/solana/install/active_release/bin:/opt/homebrew/bin:/opt/homebrew/sbin:/usr/local/bin:/usr/bin:/bin:/usr/sbin:/sbin:/Users/paul/opt/anaconda3/bin:/Users/paul/opt/anaconda3/condabin:/opt/homebrew/opt/curl/bin:/opt/homebrew/opt/llvm/bin:/Users/paul/.nvm/versions/node/v16.14.2/bin:/Users/paul/.local/share/solana/install/active_release/bin:/opt/homebrew/bin:/opt/homebrew/sbin:/Users/paul/.cargo/bin:/Users/paul/go_dir/bin:/usr/local/opt/go/libexec/bin:/Users/paul/go_dir/bin:/usr/local/opt/go/libexec/bin

Yarn version: 
  1.22.15

Node version: 
  16.14.2

Platform: 
  darwin arm64

Trace: 
  Error: https://registry.yarnpkg.com/@lodestar%2fconfig/default: Request "https://registry.yarnpkg.com/@lodestar%2fconfig/default" returned a 405
      at Request.params.callback [as _callback] (/Users/paul/.node/corepack/yarn/1.22.15/lib/cli.js:66149:18)
      at Request.self.callback (/Users/paul/.node/corepack/yarn/1.22.15/lib/cli.js:140885:22)
      at Request.emit (node:events:526:28)
      at Request.<anonymous> (/Users/paul/.node/corepack/yarn/1.22.15/lib/cli.js:141857:10)
      at Request.emit (node:events:526:28)
      at IncomingMessage.<anonymous> (/Users/paul/.node/corepack/yarn/1.22.15/lib/cli.js:141779:12)
      at Object.onceWrapper (node:events:645:28)
      at IncomingMessage.emit (node:events:538:35)
      at endReadableNT (node:internal/streams/readable:1345:12)
      at processTicksAndRejections (node:internal/process/task_queues:83:21)

npm manifest: 
  {
    "name": "lightclient",
    "version": "1.0.0",
    "main": "index.js",
    "license": "MIT",
    "dependencies": {
      "@chainsafe/lodestar-config": "^0.39.0",
      "@chainsafe/lodestar-params": "^0.39.0",
      "@chainsafe/ssz": "^0.9.2",
      "@lodestar/api": "^1.1.1",
      "@lodestar/config": "^1.1.1",
      "@lodestar/light-client": "^1.1.1"
    },
    "devDependencies": {
      "@babel/helper-compilation-targets": "^7.19.3",
      "@types/node": "^18.11.3"
    }
  }

yarn manifest: 
  No manifest

Lockfile: 
  # THIS IS AN AUTOGENERATED FILE. DO NOT EDIT THIS FILE DIRECTLY.
  # yarn lockfile v1
  
  
  "@babel/compat-data@^7.19.3":
    version "7.19.4"
    resolved "https://registry.npmjs.org/@babel/compat-data/-/compat-data-7.19.4.tgz"
    integrity sha512-CHIGpJcUQ5lU9KrPHTjBMhVwQG6CQjxfg36fGXl3qk/Gik1WwWachaXFuo0uCWJT/mStOKtcbFJCaVLihC1CMw==
  
  "@babel/helper-compilation-targets@^7.19.3":
    version "7.19.3"
    resolved "https://registry.npmjs.org/@babel/helper-compilation-targets/-/helper-compilation-targets-7.19.3.tgz"
    integrity sha512-65ESqLGyGmLvgR0mst5AdW1FkNlj9rQsCKduzEoEPhBCDFGXvz2jW6bXFG6i0/MrV2s7hhXjjb2yAzcPuQlLwg==
    dependencies:
      "@babel/compat-data" "^7.19.3"
      "@babel/helper-validator-option" "^7.18.6"
      browserslist "^4.21.3"
      semver "^6.3.0"
  
  "@babel/helper-validator-option@^7.18.6":
    version "7.18.6"
    resolved "https://registry.npmjs.org/@babel/helper-validator-option/-/helper-validator-option-7.18.6.tgz"
    integrity sha512-XO7gESt5ouv/LRJdrVjkShckw6STTaB7l9BrpBaAHDeF5YZT+01PCwmR0SJHnkW6i8OwW/EVWRShfi4j2x+KQw==
  
  "@chainsafe/as-sha256@^0.3.1":
    version "0.3.1"
    resolved "https://registry.npmjs.org/@chainsafe/as-sha256/-/as-sha256-0.3.1.tgz"
    integrity sha512-hldFFYuf49ed7DAakWVXSJODuq3pzJEguD8tQ7h+sGkM18vja+OFoJI9krnGmgzyuZC2ETX0NOIcCTy31v2Mtg==
  
  "@chainsafe/bls-hd-key@^0.3.0":
    version "0.3.0"
    resolved "https://registry.yarnpkg.com/@chainsafe/bls-hd-key/-/bls-hd-key-0.3.0.tgz#2de2649d5daa76f7460fc23caacf4ed3ebd2c02a"
    integrity sha512-LsYYnfBEEmqGFPDm8hQN3Kc+v9wPFnhn+CToD403KEynUiUSHKLAf5B6UCY5eooShDOcaGCUgAUhIw1CmpEf3Q==
    dependencies:
      "@noble/hashes" "^1.0.0"
  
  "@chainsafe/bls-keygen@^0.4.0":
    version "0.4.0"
    resolved "https://registry.yarnpkg.com/@chainsafe/bls-keygen/-/bls-keygen-0.4.0.tgz#782c6555cfb05b9efa6f144d782799e8695ca1b0"
    integrity sha512-wqtuj4G/sWpIugJW1mb/nSTwcTuZKqB3DS3ANUIOn7pva8EB6LfxgIL34o4qk3lti/8Mdxqtqc2n4xRszrNdzA==
    dependencies:
      "@chainsafe/bls-hd-key" "^0.3.0"
      "@noble/hashes" "^1.0.0"
      "@scure/bip39" "^1.0.0"
  
  "@chainsafe/bls@7.1.1":
    version "7.1.1"
    resolved "https://registry.yarnpkg.com/@chainsafe/bls/-/bls-7.1.1.tgz#57db4b565a1a1a544c4091bb5f172d683fc65750"
    integrity sha512-56hjFJujW0Z0Ntkr8y22xIAfT4SChYWQtCGM8dfUMkWWX8xLOXkhBFFSNTvPXA5cBlsFlo102CtBo+6A60II2w==
    dependencies:
      "@chainsafe/bls-keygen" "^0.4.0"
      bls-eth-wasm "^0.4.8"
      randombytes "^2.1.0"
  
  "@chainsafe/lodestar-config@^0.39.0":
    version "0.39.0"
    resolved "https://registry.npmjs.org/@chainsafe/lodestar-config/-/lodestar-config-0.39.0.tgz"
    integrity sha512-YZemjIyRd1GVAICb5hnnVU/YFZ7r/Ns1Px6VOCMGkUIn0V5afl/ojgh+WP5J+VZDO/3Ko80M/C37Q5QD+c5l5A==
    dependencies:
      "@chainsafe/lodestar-params" "^0.39.0"
      "@chainsafe/lodestar-types" "^0.39.0"
      "@chainsafe/ssz" "^0.9.2"
  
  "@chainsafe/lodestar-params@^0.39.0":
    version "0.39.0"
    resolved "https://registry.npmjs.org/@chainsafe/lodestar-params/-/lodestar-params-0.39.0.tgz"
    integrity sha512-VzgTFkKSGpfnVSlQr8ueiwwcTIRn0LPE1hCr8KE4h3AHBWXQpomLgqjU8CKZZnDGfhsUv4cMbXIfD54HCuGPoA==
  
  "@chainsafe/lodestar-types@^0.39.0":
    version "0.39.0"
    resolved "https://registry.npmjs.org/@chainsafe/lodestar-types/-/lodestar-types-0.39.0.tgz"
    integrity sha512-NK07Qwccg6lrknp8QGQp/FX8KyMhFEWmFzWrXLgtqcFTA6k+wcEPUfvVv0ZftaDkzEeUpLhYgIhwC1jp+z6PrA==
    dependencies:
      "@chainsafe/lodestar-params" "^0.39.0"
      "@chainsafe/ssz" "^0.9.2"
  
  "@chainsafe/persistent-merkle-tree@^0.4.2":
    version "0.4.2"
    resolved "https://registry.npmjs.org/@chainsafe/persistent-merkle-tree/-/persistent-merkle-tree-0.4.2.tgz"
    integrity sha512-lLO3ihKPngXLTus/L7WHKaw9PnNJWizlOF1H9NNzHP6Xvh82vzg9F2bzkXhYIFshMZ2gTCEz8tq6STe7r5NDfQ==
    dependencies:
      "@chainsafe/as-sha256" "^0.3.1"
  
  "@chainsafe/ssz@^0.9.2":
    version "0.9.2"
    resolved "https://registry.yarnpkg.com/@chainsafe/ssz/-/ssz-0.9.2.tgz#6f2552db312217b911e34bcdef9057f8a3a108f2"
    integrity sha512-r3bKiGMF7EZlsgXTyyzQbS+GJTj6MvTlY3Ms1byFZLL1H9Maht8muE2LkF3pS1zU9KY4tiJeQd+KABdhyfB9Ag==
    dependencies:
      "@chainsafe/as-sha256" "^0.3.1"
      "@chainsafe/persistent-merkle-tree" "^0.4.2"
      case "^1.6.3"
  
  "@colors/colors@1.5.0":
    version "1.5.0"
    resolved "https://registry.yarnpkg.com/@colors/colors/-/colors-1.5.0.tgz#bb504579c1cae923e6576a4f5da43d25f97bdbd9"
    integrity sha512-ooWCrlZP11i8GImSjTHYHLkvFDP48nS4+204nGb1RiX/WXYHmJA2III9/e2DWVabCESdW7hBAEzHRqUn9OUVvQ==
  
  "@dabh/diagnostics@^2.0.2":
    version "2.0.3"
    resolved "https://registry.yarnpkg.com/@dabh/diagnostics/-/diagnostics-2.0.3.tgz#7f7e97ee9a725dffc7808d93668cc984e1dc477a"
    integrity sha512-hrlQOIi7hAfzsMqlGSFyVucrx38O+j6wiGOf//H2ecvIEqYN4ADBSS2iLMh5UFyDunCNniUIPk/q3riFv45xRA==
    dependencies:
      colorspace "1.1.x"
      enabled "2.0.x"
      kuler "^2.0.0"
  
  "@lodestar/api@^1.1.1":
    version "1.1.1"
    resolved "https://registry.yarnpkg.com/@lodestar/api/-/api-1.1.1.tgz#9519dd53c7707ea53a174f296417bffb4ce8a2f1"
    integrity sha512-rRZzozO017FYd64ud85YrYHp1u/EwqBi4u9Q6eHqd1V+cdL1HRhkEK2ux9AEFhNnH62iHRg1yh1WnqFN9RjkzA==
    dependencies:
      "@chainsafe/persistent-merkle-tree" "^0.4.2"
      "@chainsafe/ssz" "^0.9.2"
      "@lodestar/config" "^1.1.1"
      "@lodestar/params" "^1.1.1"
      "@lodestar/types" "^1.1.1"
      "@lodestar/utils" "^1.1.1"
      cross-fetch "^3.1.4"
      eventsource "^2.0.2"
      qs "^6.10.1"
  
  "@lodestar/config@^1.1.1":
    version "1.1.1"
    resolved "https://registry.yarnpkg.com/@lodestar/config/-/config-1.1.1.tgz#1b26bdc0f26dac2aeec357dee31b5b11738669d9"
    integrity sha512-GVVx0RHMohrUUO+QwX48EXAsS6eyJ9o9PrX7bwHYxKFQkkAxdvhq1zGQTExGRLB9gUrLdn2Adj7MP9VAHBtBFA==
    dependencies:
      "@chainsafe/ssz" "^0.9.2"
      "@lodestar/params" "^1.1.1"
      "@lodestar/types" "^1.1.1"
  
  "@lodestar/light-client@^1.1.1":
    version "1.1.1"
    resolved "https://registry.yarnpkg.com/@lodestar/light-client/-/light-client-1.1.1.tgz#466b22bfec54b3c679af3b4c3005d0b7e2b811a1"
    integrity sha512-qiuVp2uAX69uFsFAgoCuH62dsmc3PNA2nJqbwLtCQKQMB9Y2VM/t49EaHGF6m8pfGLbkkxpgKMhxDEFztF2a3A==
    dependencies:
      "@chainsafe/bls" "7.1.1"
      "@chainsafe/persistent-merkle-tree" "^0.4.2"
      "@chainsafe/ssz" "^0.9.2"
      "@lodestar/api" "^1.1.1"
      "@lodestar/config" "^1.1.1"
      "@lodestar/params" "^1.1.1"
      "@lodestar/types" "^1.1.1"
      "@lodestar/utils" "^1.1.1"
      cross-fetch "^3.1.4"
      mitt "^3.0.0"
  
  "@lodestar/params@^1.1.1":
    version "1.1.1"
    resolved "https://registry.yarnpkg.com/@lodestar/params/-/params-1.1.1.tgz#3bf989db349beea2f9d41d18bff530244441ede3"
    integrity sha512-89gzT4abq1owpQoS6Rz1JvlzkIrZrwCTreYSxkQXxjaoSyl8b6c9IhaGqkpOcwCe/1HV8fnv7rstA36ZJXtjvQ==
  
  "@lodestar/types@^1.1.1":
    version "1.1.1"
    resolved "https://registry.yarnpkg.com/@lodestar/types/-/types-1.1.1.tgz#a3627e762ea1b3fd93449219aa66e97567e12795"
    integrity sha512-S/rTIPPbhmnIe2x/sLj1jOlsIA2BouhUwBPdcUg/TnHQw3R7MnKY9Th0m8QDTrWay/5wvu4aF6BgR3h1c7OX3g==
    dependencies:
      "@chainsafe/ssz" "^0.9.2"
      "@lodestar/params" "^1.1.1"
  
  "@lodestar/utils@^1.1.1":
    version "1.1.1"
    resolved "https://registry.yarnpkg.com/@lodestar/utils/-/utils-1.1.1.tgz#98bc5b73620eaf1bed169cc881c087c8ed2ba895"
    integrity sha512-bOugBdoLltIsSdwyw5bw2vgMG/ylYhlsPvADxdmXwdE8TwtGx2IJUy0IzeDetO09Igxq+DtUJeEYPRbBBXyGHQ==
    dependencies:
      "@chainsafe/as-sha256" "^0.3.1"
      any-signal "2.1.2"
      bigint-buffer "^1.1.5"
      case "^1.6.3"
      chalk "^4.1.2"
      js-yaml "^3.13.1"
      winston "^3.3.3"
      winston-daily-rotate-file "^4.5.5"
      winston-transport "^4.3.0"
  
  "@noble/hashes@^1.0.0", "@noble/hashes@~1.1.1":
    version "1.1.3"
    resolved "https://registry.yarnpkg.com/@noble/hashes/-/hashes-1.1.3.tgz#360afc77610e0a61f3417e497dcf36862e4f8111"
    integrity sha512-CE0FCR57H2acVI5UOzIGSSIYxZ6v/HOhDR0Ro9VLyhnzLwx0o8W1mmgaqlEUx4049qJDlIBRztv5k+MM8vbO3A==
  
  "@scure/base@~1.1.0":
    version "1.1.1"
    resolved "https://registry.yarnpkg.com/@scure/base/-/base-1.1.1.tgz#ebb651ee52ff84f420097055f4bf46cfba403938"
    integrity sha512-ZxOhsSyxYwLJj3pLZCefNitxsj093tb2vq90mp2txoYeBqbcjDjqFhyM8eUjq/uFm6zJ+mUuqxlS2FkuSY1MTA==
  
  "@scure/bip39@^1.0.0":
    version "1.1.0"
    resolved "https://registry.yarnpkg.com/@scure/bip39/-/bip39-1.1.0.tgz#92f11d095bae025f166bef3defcc5bf4945d419a"
    integrity sha512-pwrPOS16VeTKg98dYXQyIjJEcWfz7/1YJIwxUEPFfQPtc86Ym/1sVgQ2RLoD43AazMk2l/unK4ITySSpW2+82w==
    dependencies:
      "@noble/hashes" "~1.1.1"
      "@scure/base" "~1.1.0"
  
  "@types/node@^18.11.3":
    version "18.11.3"
    resolved "https://registry.npmjs.org/@types/node/-/node-18.11.3.tgz"
    integrity sha512-fNjDQzzOsZeKZu5NATgXUPsaFaTxeRgFXoosrHivTl8RGeV733OLawXsGfEk9a8/tySyZUyiZ6E8LcjPFZ2y1A==
  
  abort-controller@^3.0.0:
    version "3.0.0"
    resolved "https://registry.yarnpkg.com/abort-controller/-/abort-controller-3.0.0.tgz#eaf54d53b62bae4138e809ca225c8439a6efb392"
    integrity sha512-h8lQ8tacZYnR3vNQTgibj+tODHI5/+l06Au2Pcriv/Gmet0eaj4TwWH41sO9wnHDiQsEj19q0drzdWdeAHtweg==
    dependencies:
      event-target-shim "^5.0.0"
  
  ansi-styles@^4.1.0:
    version "4.3.0"
    resolved "https://registry.yarnpkg.com/ansi-styles/-/ansi-styles-4.3.0.tgz#edd803628ae71c04c85ae7a0906edad34b648937"
    integrity sha512-zbB9rCJAT1rbjiVDb2hqKFHNYLxgtk8NURxZ3IZwD3F6NtxbXZQCnnSi1Lkx+IDohdPlFp222wVALIheZJQSEg==
    dependencies:
      color-convert "^2.0.1"
  
  any-signal@2.1.2:
    version "2.1.2"
    resolved "https://registry.yarnpkg.com/any-signal/-/any-signal-2.1.2.tgz#8d48270de0605f8b218cf9abe8e9c6a0e7418102"
    integrity sha512-B+rDnWasMi/eWcajPcCWSlYc7muXOrcYrqgyzcdKisl2H/WTlQ0gip1KyQfr0ZlxJdsuWCj/LWwQm7fhyhRfIQ==
    dependencies:
      abort-controller "^3.0.0"
      native-abort-controller "^1.0.3"
  
  argparse@^1.0.7:
    version "1.0.10"
    resolved "https://registry.yarnpkg.com/argparse/-/argparse-1.0.10.tgz#bcd6791ea5ae09725e17e5ad988134cd40b3d911"
    integrity sha512-o5Roy6tNG4SL/FOkCAN6RzjiakZS25RLYFrcMttJqbdd8BWrnA+fGz57iN5Pb06pvBGvl5gQ0B48dJlslXvoTg==
    dependencies:
      sprintf-js "~1.0.2"
  
  async@^3.2.3:
    version "3.2.4"
    resolved "https://registry.yarnpkg.com/async/-/async-3.2.4.tgz#2d22e00f8cddeb5fde5dd33522b56d1cf569a81c"
    integrity sha512-iAB+JbDEGXhyIUavoDl9WP/Jj106Kz9DEn1DPgYw5ruDn0e3Wgi3sKFm55sASdGBNOQB8F59d9qQ7deqrHA8wQ==
  
  bigint-buffer@^1.1.5:
    version "1.1.5"
    resolved "https://registry.yarnpkg.com/bigint-buffer/-/bigint-buffer-1.1.5.tgz#d038f31c8e4534c1f8d0015209bf34b4fa6dd442"
    integrity sha512-trfYco6AoZ+rKhKnxA0hgX0HAbVP/s808/EuDSe2JDzUnCp/xAsli35Orvk67UrTEcwuxZqYZDmfA2RXJgxVvA==
    dependencies:
      bindings "^1.3.0"
  
  bindings@^1.3.0:
    version "1.5.0"
    resolved "https://registry.yarnpkg.com/bindings/-/bindings-1.5.0.tgz#10353c9e945334bc0511a6d90b38fbc7c9c504df"
    integrity sha512-p2q/t/mhvuOj/UeLlV6566GD/guowlr0hHxClI0W9m7MWYkL1F0hLo+0Aexs9HSPCtR1SXQ0TD3MMKrXZajbiQ==
    dependencies:
      file-uri-to-path "1.0.0"
  
  bls-eth-wasm@^0.4.8:
    version "0.4.8"
    resolved "https://registry.yarnpkg.com/bls-eth-wasm/-/bls-eth-wasm-0.4.8.tgz#ad1818fbd1bfb64d8f3e6cd104bd28b96ebaa5f1"
    integrity sha512-ye7+G6KFLb3i9xSrLASAoYqOUK5WLB6XA5DD8Sh0UQpZ3T999ylsYbFdoOJpmvTDuBuMi23Vy8Jm0pn/GF01CA==
  
  browserslist@^4.21.3:
    version "4.21.4"
    resolved "https://registry.npmjs.org/browserslist/-/browserslist-4.21.4.tgz"
    integrity sha512-CBHJJdDmgjl3daYjN5Cp5kbTf1mUhZoS+beLklHIvkOWscs83YAhLlF3Wsh/lciQYAcbBJgTOD44VtG31ZM4Hw==
    dependencies:
      caniuse-lite "^1.0.30001400"
      electron-to-chromium "^1.4.251"
      node-releases "^2.0.6"
      update-browserslist-db "^1.0.9"
  
  call-bind@^1.0.0:
    version "1.0.2"
    resolved "https://registry.yarnpkg.com/call-bind/-/call-bind-1.0.2.tgz#b1d4e89e688119c3c9a903ad30abb2f6a919be3c"
    integrity sha512-7O+FbCihrB5WGbFYesctwmTKae6rOiIzmz1icreWJ+0aA7LJfuqhEso2T9ncpcFtzMQtzXf2QGGueWJGTYsqrA==
    dependencies:
      function-bind "^1.1.1"
      get-intrinsic "^1.0.2"
  
  caniuse-lite@^1.0.30001400:
    version "1.0.30001423"
    resolved "https://registry.npmjs.org/caniuse-lite/-/caniuse-lite-1.0.30001423.tgz"
    integrity sha512-09iwWGOlifvE1XuHokFMP7eR38a0JnajoyL3/i87c8ZjRWRrdKo1fqjNfugfBD0UDBIOz0U+jtNhJ0EPm1VleQ==
  
  case@^1.6.3:
    version "1.6.3"
    resolved "https://registry.npmjs.org/case/-/case-1.6.3.tgz"
    integrity sha512-mzDSXIPaFwVDvZAHqZ9VlbyF4yyXRuX6IvB06WvPYkqJVO24kX1PPhv9bfpKNFZyxYFmmgo03HUiD8iklmJYRQ==
  
  chalk@^4.1.2:
    version "4.1.2"
    resolved "https://registry.yarnpkg.com/chalk/-/chalk-4.1.2.tgz#aac4e2b7734a740867aeb16bf02aad556a1e7a01"
    integrity sha512-oKnbhFyRIXpUuez8iBMmyEa4nbj4IOQyuhc/wy9kY7/WVPcwIO9VA668Pu8RkO7+0G76SLROeyw9CpQ061i4mA==
    dependencies:
      ansi-styles "^4.1.0"
      supports-color "^7.1.0"
  
  color-convert@^1.9.3:
    version "1.9.3"
    resolved "https://registry.yarnpkg.com/color-convert/-/color-convert-1.9.3.tgz#bb71850690e1f136567de629d2d5471deda4c1e8"
    integrity sha512-QfAUtd+vFdAtFQcC8CCyYt1fYWxSqAiK2cSD6zDB8N3cpsEBAvRxp9zOGg6G/SHHJYAT88/az/IuDGALsNVbGg==
    dependencies:
      color-name "1.1.3"
  
  color-convert@^2.0.1:
    version "2.0.1"
    resolved "https://registry.yarnpkg.com/color-convert/-/color-convert-2.0.1.tgz#72d3a68d598c9bdb3af2ad1e84f21d896abd4de3"
    integrity sha512-RRECPsj7iu/xb5oKYcsFHSppFNnsj/52OVTRKb4zP5onXwVF3zVmmToNcOfGC+CRDpfK/U584fMg38ZHCaElKQ==
    dependencies:
      color-name "~1.1.4"
  
  color-name@1.1.3:
    version "1.1.3"
    resolved "https://registry.npmjs.org/color-name/-/color-name-1.1.3.tgz"
    integrity sha512-72fSenhMw2HZMTVHeCA9KCmpEIbzWiQsjN+BHcBbS9vr1mtt+vJjPdksIBNUmKAW8TFUDPJK5SUU3QhE9NEXDw==
  
  color-name@^1.0.0, color-name@~1.1.4:
    version "1.1.4"
    resolved "https://registry.yarnpkg.com/color-name/-/color-name-1.1.4.tgz#c2a09a87acbde69543de6f63fa3995c826c536a2"
    integrity sha512-dOy+3AuW3a2wNbZHIuMZpTcgjGuLU/uBL/ubcZF9OXbDo8ff4O8yVp5Bf0efS8uEoYo5q4Fx7dY9OgQGXgAsQA==
  
  color-string@^1.6.0:
    version "1.9.1"
    resolved "https://registry.yarnpkg.com/color-string/-/color-string-1.9.1.tgz#4467f9146f036f855b764dfb5bf8582bf342c7a4"
    integrity sha512-shrVawQFojnZv6xM40anx4CkoDP+fZsw/ZerEMsW/pyzsRbElpsL/DBVW7q3ExxwusdNXI3lXpuhEZkzs8p5Eg==
    dependencies:
      color-name "^1.0.0"
      simple-swizzle "^0.2.2"
  
  color@^3.1.3:
    version "3.2.1"
    resolved "https://registry.yarnpkg.com/color/-/color-3.2.1.tgz#3544dc198caf4490c3ecc9a790b54fe9ff45e164"
    integrity sha512-aBl7dZI9ENN6fUGC7mWpMTPNHmWUSNan9tuWN6ahh5ZLNk9baLJOnSMlrQkHcrfFgz2/RigjUVAjdx36VcemKA==
    dependencies:
      color-convert "^1.9.3"
      color-string "^1.6.0"
  
  colorspace@1.1.x:
    version "1.1.4"
    resolved "https://registry.yarnpkg.com/colorspace/-/colorspace-1.1.4.tgz#8d442d1186152f60453bf8070cd66eb364e59243"
    integrity sha512-BgvKJiuVu1igBUF2kEjRCZXol6wiiGbY5ipL/oVPwm0BL9sIpMIzM8IK7vwuxIIzOXMV3Ey5w+vxhm0rR/TN8w==
    dependencies:
      color "^3.1.3"
      text-hex "1.0.x"
  
  cross-fetch@^3.1.4:
    version "3.1.5"
    resolved "https://registry.yarnpkg.com/cross-fetch/-/cross-fetch-3.1.5.tgz#e1389f44d9e7ba767907f7af8454787952ab534f"
    integrity sha512-lvb1SBsI0Z7GDwmuid+mU3kWVBwTVUbe7S0H52yaaAdQOXq2YktTCZdlAcNKFzE6QtRz0snpw9bNiPeOIkkQvw==
    dependencies:
      node-fetch "2.6.7"
  
  electron-to-chromium@^1.4.251:
    version "1.4.284"
    resolved "https://registry.npmjs.org/electron-to-chromium/-/electron-to-chromium-1.4.284.tgz"
    integrity sha512-M8WEXFuKXMYMVr45fo8mq0wUrrJHheiKZf6BArTKk9ZBYCKJEOU5H8cdWgDT+qCVZf7Na4lVUaZsA+h6uA9+PA==
  
  enabled@2.0.x:
    version "2.0.0"
    resolved "https://registry.yarnpkg.com/enabled/-/enabled-2.0.0.tgz#f9dd92ec2d6f4bbc0d5d1e64e21d61cd4665e7c2"
    integrity sha512-AKrN98kuwOzMIdAizXGI86UFBoo26CL21UM763y1h/GMSJ4/OHU9k2YlsmBpyScFo/wbLzWQJBMCW4+IO3/+OQ==
  
  escalade@^3.1.1:
    version "3.1.1"
    resolved "https://registry.npmjs.org/escalade/-/escalade-3.1.1.tgz"
    integrity sha512-k0er2gUkLf8O0zKJiAhmkTnJlTvINGv7ygDNPbeIsX/TJjGJZHuh9B2UxbsaEkmlEo9MfhrSzmhIlhRlI2GXnw==
  
  esprima@^4.0.0:
    version "4.0.1"
    resolved "https://registry.yarnpkg.com/esprima/-/esprima-4.0.1.tgz#13b04cdb3e6c5d19df91ab6987a8695619b0aa71"
    integrity sha512-eGuFFw7Upda+g4p+QHvnW0RyTX/SVeJBDM/gCtMARO0cLuT2HcEKnTPvhjV6aGeqrCB/sbNop0Kszm0jsaWU4A==
  
  event-target-shim@^5.0.0:
    version "5.0.1"
    resolved "https://registry.yarnpkg.com/event-target-shim/-/event-target-shim-5.0.1.tgz#5d4d3ebdf9583d63a5333ce2deb7480ab2b05789"
    integrity sha512-i/2XbnSz/uxRCU6+NdVJgKWDTM427+MqYbkQzD321DuCQJUqOuJKIA0IM2+W2xtYHdKOmZ4dR6fExsd4SXL+WQ==
  
  eventsource@^2.0.2:
    version "2.0.2"
    resolved "https://registry.yarnpkg.com/eventsource/-/eventsource-2.0.2.tgz#76dfcc02930fb2ff339520b6d290da573a9e8508"
    integrity sha512-IzUmBGPR3+oUG9dUeXynyNmf91/3zUSJg1lCktzKw47OXuhco54U3r9B7O4XX+Rb1Itm9OZ2b0RkTs10bICOxA==
  
  fecha@^4.2.0:
    version "4.2.3"
    resolved "https://registry.yarnpkg.com/fecha/-/fecha-4.2.3.tgz#4d9ccdbc61e8629b259fdca67e65891448d569fd"
    integrity sha512-OP2IUU6HeYKJi3i0z4A19kHMQoLVs4Hc+DPqqxI2h/DPZHTm/vjsfC6P0b4jCMy14XizLBqvndQ+UilD7707Jw==
  
  file-stream-rotator@^0.6.1:
    version "0.6.1"
    resolved "https://registry.yarnpkg.com/file-stream-rotator/-/file-stream-rotator-0.6.1.tgz#007019e735b262bb6c6f0197e58e5c87cb96cec3"
    integrity sha512-u+dBid4PvZw17PmDeRcNOtCP9CCK/9lRN2w+r1xIS7yOL9JFrIBKTvrYsxT4P0pGtThYTn++QS5ChHaUov3+zQ==
    dependencies:
      moment "^2.29.1"
  
  file-uri-to-path@1.0.0:
    version "1.0.0"
    resolved "https://registry.yarnpkg.com/file-uri-to-path/-/file-uri-to-path-1.0.0.tgz#553a7b8446ff6f684359c445f1e37a05dacc33dd"
    integrity sha512-0Zt+s3L7Vf1biwWZ29aARiVYLx7iMGnEUl9x33fbB/j3jR81u/O2LbqK+Bm1CDSNDKVtJ/YjwY7TUd5SkeLQLw==
  
  fn.name@1.x.x:
    version "1.1.0"
    resolved "https://registry.yarnpkg.com/fn.name/-/fn.name-1.1.0.tgz#26cad8017967aea8731bc42961d04a3d5988accc"
    integrity sha512-GRnmB5gPyJpAhTQdSZTSp9uaPSvl09KoYcMQtsB9rQoOmzs9dH6ffeccH+Z+cv6P68Hu5bC6JjRh4Ah/mHSNRw==
  
  function-bind@^1.1.1:
    version "1.1.1"
    resolved "https://registry.yarnpkg.com/function-bind/-/function-bind-1.1.1.tgz#a56899d3ea3c9bab874bb9773b7c5ede92f4895d"
    integrity sha512-yIovAzMX49sF8Yl58fSCWJ5svSLuaibPxXQJFLmBObTuCr0Mf1KiPopGM9NiFjiYBCbfaa2Fh6breQ6ANVTI0A==
  
  get-intrinsic@^1.0.2:
    version "1.1.3"
    resolved "https://registry.yarnpkg.com/get-intrinsic/-/get-intrinsic-1.1.3.tgz#063c84329ad93e83893c7f4f243ef63ffa351385"
    integrity sha512-QJVz1Tj7MS099PevUG5jvnt9tSkXN8K14dxQlikJuPt4uD9hHAHjLyLBiLR5zELelBdD9QNRAXZzsJx0WaDL9A==
    dependencies:
      function-bind "^1.1.1"
      has "^1.0.3"
      has-symbols "^1.0.3"
  
  has-flag@^4.0.0:
    version "4.0.0"
    resolved "https://registry.yarnpkg.com/has-flag/-/has-flag-4.0.0.tgz#944771fd9c81c81265c4d6941860da06bb59479b"
    integrity sha512-EykJT/Q1KjTWctppgIAgfSO0tKVuZUjhgMr17kqTumMl6Afv3EISleU7qZUzoXDFTAHTDC4NOoG/ZxU3EvlMPQ==
  
  has-symbols@^1.0.3:
    version "1.0.3"
    resolved "https://registry.yarnpkg.com/has-symbols/-/has-symbols-1.0.3.tgz#bb7b2c4349251dce87b125f7bdf874aa7c8b39f8"
    integrity sha512-l3LCuF6MgDNwTDKkdYGEihYjt5pRPbEg46rtlmnSPlUbgmB8LOIrKJbYYFBSbnPaJexMKtiPO8hmeRjRz2Td+A==
  
  has@^1.0.3:
    version "1.0.3"
    resolved "https://registry.yarnpkg.com/has/-/has-1.0.3.tgz#722d7cbfc1f6aa8241f16dd814e011e1f41e8796"
    integrity sha512-f2dvO0VU6Oej7RkWJGrehjbzMAjFp5/VKPp5tTpWIV4JHHZK1/BxbFRtf/siA2SWTe09caDmVtYYzWEIbBS4zw==
    dependencies:
      function-bind "^1.1.1"
  
  inherits@^2.0.3:
    version "2.0.4"
    resolved "https://registry.yarnpkg.com/inherits/-/inherits-2.0.4.tgz#0fa2c64f932917c3433a0ded55363aae37416b7c"
    integrity sha512-k/vGaX4/Yla3WzyMCvTQOXYeIHvqOKtnqBduzTHpzpQZzAskKMhZ2K+EnBiSM9zGSoIFeMpXKxa4dYeZIQqewQ==
  
  is-arrayish@^0.3.1:
    version "0.3.2"
    resolved "https://registry.yarnpkg.com/is-arrayish/-/is-arrayish-0.3.2.tgz#4574a2ae56f7ab206896fb431eaeed066fdf8f03"
    integrity sha512-eVRqCvVlZbuw3GrM63ovNSNAeA1K16kaR/LRY/92w0zxQ5/1YzwblUX652i4Xs9RwAGjW9d9y6X88t8OaAJfWQ==
  
  is-stream@^2.0.0:
    version "2.0.1"
    resolved "https://registry.yarnpkg.com/is-stream/-/is-stream-2.0.1.tgz#fac1e3d53b97ad5a9d0ae9cef2389f5810a5c077"
    integrity sha512-hFoiJiTl63nn+kstHGBtewWSKnQLpyb155KHheA1l39uvtO9nWIop1p3udqPcUd/xbF1VLMO4n7OI6p7RbngDg==
  
  js-yaml@^3.13.1:
    version "3.14.1"
    resolved "https://registry.yarnpkg.com/js-yaml/-/js-yaml-3.14.1.tgz#dae812fdb3825fa306609a8717383c50c36a0537"
    integrity sha512-okMH7OXXJ7YrN9Ok3/SXrnu4iX9yOk+25nqX4imS2npuvTYDmo/QEZoqwZkYaIDk3jVvBOTOIEgEhaLOynBS9g==
    dependencies:
      argparse "^1.0.7"
      esprima "^4.0.0"
  
  kuler@^2.0.0:
    version "2.0.0"
    resolved "https://registry.yarnpkg.com/kuler/-/kuler-2.0.0.tgz#e2c570a3800388fb44407e851531c1d670b061b3"
    integrity sha512-Xq9nH7KlWZmXAtodXDDRE7vs6DU1gTU8zYDHDiWLSip45Egwq3plLHzPn27NgvzL2r1LMPC1vdqh98sQxtqj4A==
  
  logform@^2.3.2, logform@^2.4.0:
    version "2.4.2"
    resolved "https://registry.yarnpkg.com/logform/-/logform-2.4.2.tgz#a617983ac0334d0c3b942c34945380062795b47c"
    integrity sha512-W4c9himeAwXEdZ05dQNerhFz2XG80P9Oj0loPUMV23VC2it0orMHQhJm4hdnnor3rd1HsGf6a2lPwBM1zeXHGw==
    dependencies:
      "@colors/colors" "1.5.0"
      fecha "^4.2.0"
      ms "^2.1.1"
      safe-stable-stringify "^2.3.1"
      triple-beam "^1.3.0"
  
  mitt@^3.0.0:
    version "3.0.0"
    resolved "https://registry.yarnpkg.com/mitt/-/mitt-3.0.0.tgz#69ef9bd5c80ff6f57473e8d89326d01c414be0bd"
    integrity sha512-7dX2/10ITVyqh4aOSVI9gdape+t9l2/8QxHrFmUXu4EEUpdlxl6RudZUPZoc+zuY2hk1j7XxVroIVIan/pD/SQ==
  
  moment@^2.29.1:
    version "2.29.4"
    resolved "https://registry.yarnpkg.com/moment/-/moment-2.29.4.tgz#3dbe052889fe7c1b2ed966fcb3a77328964ef108"
    integrity sha512-5LC9SOxjSc2HF6vO2CyuTDNivEdoz2IvyJJGj6X8DJ0eFyfszE0QiEd+iXmBvUP3WHxSjFH/vIsA0EN00cgr8w==
  
  ms@^2.1.1:
    version "2.1.3"
    resolved "https://registry.yarnpkg.com/ms/-/ms-2.1.3.tgz#574c8138ce1d2b5861f0b44579dbadd60c6615b2"
    integrity sha512-6FlzubTLZG3J2a/NVCAleEhjzq5oxgHyaCU9yYXvcLsvoVaHJq/s5xXI6/XXP6tz7R9xAOtHnSO/tXtF3WRTlA==
  
  native-abort-controller@^1.0.3:
    version "1.0.4"
    resolved "https://registry.yarnpkg.com/native-abort-controller/-/native-abort-controller-1.0.4.tgz#39920155cc0c18209ff93af5bc90be856143f251"
    integrity sha512-zp8yev7nxczDJMoP6pDxyD20IU0T22eX8VwN2ztDccKvSZhRaV33yP1BGwKSZfXuqWUzsXopVFjBdau9OOAwMQ==
  
  node-fetch@2.6.7:
    version "2.6.7"
    resolved "https://registry.yarnpkg.com/node-fetch/-/node-fetch-2.6.7.tgz#24de9fba827e3b4ae44dc8b20256a379160052ad"
    integrity sha512-ZjMPFEfVx5j+y2yF35Kzx5sF7kDzxuDj6ziH4FFbOp87zKDZNx8yExJIb05OGF4Nlt9IHFIMBkRl41VdvcNdbQ==
    dependencies:
      whatwg-url "^5.0.0"
  
  node-releases@^2.0.6:
    version "2.0.6"
    resolved "https://registry.npmjs.org/node-releases/-/node-releases-2.0.6.tgz"
    integrity sha512-PiVXnNuFm5+iYkLBNeq5211hvO38y63T0i2KKh2KnUs3RpzJ+JtODFjkD8yjLwnDkTYF1eKXheUwdssR+NRZdg==
  
  object-hash@^2.0.1:
    version "2.2.0"
    resolved "https://registry.yarnpkg.com/object-hash/-/object-hash-2.2.0.tgz#5ad518581eefc443bd763472b8ff2e9c2c0d54a5"
    integrity sha512-gScRMn0bS5fH+IuwyIFgnh9zBdo4DV+6GhygmWM9HyNJSgS0hScp1f5vjtm7oIIOiT9trXrShAkLFSc2IqKNgw==
  
  object-inspect@^1.9.0:
    version "1.12.2"
    resolved "https://registry.yarnpkg.com/object-inspect/-/object-inspect-1.12.2.tgz#c0641f26394532f28ab8d796ab954e43c009a8ea"
    integrity sha512-z+cPxW0QGUp0mcqcsgQyLVRDoXFQbXOwBaqyF7VIgI4TWNQsDHrBpUQslRmIfAoYWdYzs6UlKJtB2XJpTaNSpQ==
  
  one-time@^1.0.0:
    version "1.0.0"
    resolved "https://registry.yarnpkg.com/one-time/-/one-time-1.0.0.tgz#e06bc174aed214ed58edede573b433bbf827cb45"
    integrity sha512-5DXOiRKwuSEcQ/l0kGCF6Q3jcADFv5tSmRaJck/OqkVFcOzutB134KRSfF0xDrL39MNnqxbHBbUUcjZIhTgb2g==
    dependencies:
      fn.name "1.x.x"
  
  picocolors@^1.0.0:
    version "1.0.0"
    resolved "https://registry.npmjs.org/picocolors/-/picocolors-1.0.0.tgz"
    integrity sha512-1fygroTLlHu66zi26VoTDv8yRgm0Fccecssto+MhsZ0D/DGW2sm8E8AjW7NU5VVTRt5GxbeZ5qBuJr+HyLYkjQ==
  
  qs@^6.10.1:
    version "6.11.0"
    resolved "https://registry.yarnpkg.com/qs/-/qs-6.11.0.tgz#fd0d963446f7a65e1367e01abd85429453f0c37a"
    integrity sha512-MvjoMCJwEarSbUYk5O+nmoSzSutSsTwF85zcHPQ9OrlFoZOYIjaqBAJIqIXjptyD5vThxGq52Xu/MaJzRkIk4Q==
    dependencies:
      side-channel "^1.0.4"
  
  randombytes@^2.1.0:
    version "2.1.0"
    resolved "https://registry.yarnpkg.com/randombytes/-/randombytes-2.1.0.tgz#df6f84372f0270dc65cdf6291349ab7a473d4f2a"
    integrity sha512-vYl3iOX+4CKUWuxGi9Ukhie6fsqXqS9FE2Zaic4tNFD2N2QQaXOMFbuKK4QmDHC0JO6B1Zp41J0LpT0oR68amQ==
    dependencies:
      safe-buffer "^5.1.0"
  
  readable-stream@^3.4.0, readable-stream@^3.6.0:
    version "3.6.0"
    resolved "https://registry.yarnpkg.com/readable-stream/-/readable-stream-3.6.0.tgz#337bbda3adc0706bd3e024426a286d4b4b2c9198"
    integrity sha512-BViHy7LKeTz4oNnkcLJ+lVSL6vpiFeX6/d3oSH8zCW7UxP2onchk+vTGB143xuFjHS3deTgkKoXXymXqymiIdA==
    dependencies:
      inherits "^2.0.3"
      string_decoder "^1.1.1"
      util-deprecate "^1.0.1"
  
  safe-buffer@^5.1.0, safe-buffer@~5.2.0:
    version "5.2.1"
    resolved "https://registry.yarnpkg.com/safe-buffer/-/safe-buffer-5.2.1.tgz#1eaf9fa9bdb1fdd4ec75f58f9cdb4e6b7827eec6"
    integrity sha512-rp3So07KcdmmKbGvgaNxQSJr7bGVSVk5S9Eq1F+ppbRo70+YeaDxkw5Dd8NPN+GD6bjnYm2VuPuCXmpuYvmCXQ==
  
  safe-stable-stringify@^2.3.1:
    version "2.4.1"
    resolved "https://registry.yarnpkg.com/safe-stable-stringify/-/safe-stable-stringify-2.4.1.tgz#34694bd8a30575b7f94792aa51527551bd733d61"
    integrity sha512-dVHE6bMtS/bnL2mwualjc6IxEv1F+OCUpA46pKUj6F8uDbUM0jCCulPqRNPSnWwGNKx5etqMjZYdXtrm5KJZGA==
  
  semver@^6.3.0:
    version "6.3.0"
    resolved "https://registry.npmjs.org/semver/-/semver-6.3.0.tgz"
    integrity sha512-b39TBaTSfV6yBrapU89p5fKekE2m/NwnDocOVruQFS1/veMgdzuPcnOM34M6CwxW8jH/lxEa5rBoDeUwu5HHTw==
  
  side-channel@^1.0.4:
    version "1.0.4"
    resolved "https://registry.yarnpkg.com/side-channel/-/side-channel-1.0.4.tgz#efce5c8fdc104ee751b25c58d4290011fa5ea2cf"
    integrity sha512-q5XPytqFEIKHkGdiMIrY10mvLRvnQh42/+GoBlFW3b2LXLE2xxJpZFdm94we0BaoV3RwJyGqg5wS7epxTv0Zvw==
    dependencies:
      call-bind "^1.0.0"
      get-intrinsic "^1.0.2"
      object-inspect "^1.9.0"
  
  simple-swizzle@^0.2.2:
    version "0.2.2"
    resolved "https://registry.yarnpkg.com/simple-swizzle/-/simple-swizzle-0.2.2.tgz#a4da6b635ffcccca33f70d17cb92592de95e557a"
    integrity sha512-JA//kQgZtbuY83m+xT+tXJkmJncGMTFT+C+g2h2R9uxkYIrE2yy9sgmcLhCnw57/WSD+Eh3J97FPEDFnbXnDUg==
    dependencies:
      is-arrayish "^0.3.1"
  
  sprintf-js@~1.0.2:
    version "1.0.3"
    resolved "https://registry.yarnpkg.com/sprintf-js/-/sprintf-js-1.0.3.tgz#04e6926f662895354f3dd015203633b857297e2c"
    integrity sha512-D9cPgkvLlV3t3IzL0D0YLvGA9Ahk4PcvVwUbN0dSGr1aP0Nrt4AEnTUbuGvquEC0mA64Gqt1fzirlRs5ibXx8g==
  
  stack-trace@0.0.x:
    version "0.0.10"
    resolved "https://registry.yarnpkg.com/stack-trace/-/stack-trace-0.0.10.tgz#547c70b347e8d32b4e108ea1a2a159e5fdde19c0"
    integrity sha512-KGzahc7puUKkzyMt+IqAep+TVNbKP+k2Lmwhub39m1AsTSkaDutx56aDCo+HLDzf/D26BIHTJWNiTG1KAJiQCg==
  
  string_decoder@^1.1.1:
    version "1.3.0"
    resolved "https://registry.yarnpkg.com/string_decoder/-/string_decoder-1.3.0.tgz#42f114594a46cf1a8e30b0a84f56c78c3edac21e"
    integrity sha512-hkRX8U1WjJFd8LsDJ2yQ/wWWxaopEsABU1XfkM8A+j0+85JAGppt16cr1Whg6KIbb4okU6Mql6BOj+uup/wKeA==
    dependencies:
      safe-buffer "~5.2.0"
  
  supports-color@^7.1.0:
    version "7.2.0"
    resolved "https://registry.yarnpkg.com/supports-color/-/supports-color-7.2.0.tgz#1b7dcdcb32b8138801b3e478ba6a51caa89648da"
    integrity sha512-qpCAvRl9stuOHveKsn7HncJRvv501qIacKzQlO/+Lwxc9+0q2wLyv4Dfvt80/DPn2pqOBsJdDiogXGR9+OvwRw==
    dependencies:
      has-flag "^4.0.0"
  
  text-hex@1.0.x:
    version "1.0.0"
    resolved "https://registry.yarnpkg.com/text-hex/-/text-hex-1.0.0.tgz#69dc9c1b17446ee79a92bf5b884bb4b9127506f5"
    integrity sha512-uuVGNWzgJ4yhRaNSiubPY7OjISw4sw4E5Uv0wbjp+OzcbmVU/rsT8ujgcXJhn9ypzsgr5vlzpPqP+MBBKcGvbg==
  
  tr46@~0.0.3:
    version "0.0.3"
    resolved "https://registry.yarnpkg.com/tr46/-/tr46-0.0.3.tgz#8184fd347dac9cdc185992f3a6622e14b9d9ab6a"
    integrity sha512-N3WMsuqV66lT30CrXNbEjx4GEwlow3v6rr4mCcv6prnfwhS01rkgyFdjPNBYd9br7LpXV1+Emh01fHnq2Gdgrw==
  
  triple-beam@^1.3.0:
    version "1.3.0"
    resolved "https://registry.yarnpkg.com/triple-beam/-/triple-beam-1.3.0.tgz#a595214c7298db8339eeeee083e4d10bd8cb8dd9"
    integrity sha512-XrHUvV5HpdLmIj4uVMxHggLbFSZYIn7HEWsqePZcI50pco+MPqJ50wMGY794X7AOOhxOBAjbkqfAbEe/QMp2Lw==
  
  update-browserslist-db@^1.0.9:
    version "1.0.10"
    resolved "https://registry.npmjs.org/update-browserslist-db/-/update-browserslist-db-1.0.10.tgz"
    integrity sha512-OztqDenkfFkbSG+tRxBeAnCVPckDBcvibKd35yDONx6OU8N7sqgwc7rCbkJ/WcYtVRZ4ba68d6byhC21GFh7sQ==
    dependencies:
      escalade "^3.1.1"
      picocolors "^1.0.0"
  
  util-deprecate@^1.0.1:
    version "1.0.2"
    resolved "https://registry.yarnpkg.com/util-deprecate/-/util-deprecate-1.0.2.tgz#450d4dc9fa70de732762fbd2d4a28981419a0ccf"
    integrity sha512-EPD5q1uXyFxJpCrLnCc1nHnq3gOa6DZBocAIiI2TaSCA7VCJ1UJDMagCzIkXNsUYfD1daK//LTEQ8xiIbrHtcw==
  
  webidl-conversions@^3.0.0:
    version "3.0.1"
    resolved "https://registry.yarnpkg.com/webidl-conversions/-/webidl-conversions-3.0.1.tgz#24534275e2a7bc6be7bc86611cc16ae0a5654871"
    integrity sha512-2JAn3z8AR6rjK8Sm8orRC0h/bcl/DqL7tRPdGZ4I1CjdF+EaMLmYxBHyXuKL849eucPFhvBoxMsflfOb8kxaeQ==
  
  whatwg-url@^5.0.0:
    version "5.0.0"
    resolved "https://registry.yarnpkg.com/whatwg-url/-/whatwg-url-5.0.0.tgz#966454e8765462e37644d3626f6742ce8b70965d"
    integrity sha512-saE57nupxk6v3HY35+jzBwYa0rKSy0XR8JSxZPwgLr7ys0IBzhGviA1/TUGJLmSVqs8pb9AnvICXEuOHLprYTw==
    dependencies:
      tr46 "~0.0.3"
      webidl-conversions "^3.0.0"
  
  winston-daily-rotate-file@^4.5.5:
    version "4.7.1"
    resolved "https://registry.yarnpkg.com/winston-daily-rotate-file/-/winston-daily-rotate-file-4.7.1.tgz#f60a643af87f8867f23170d8cd87dbe3603a625f"
    integrity sha512-7LGPiYGBPNyGHLn9z33i96zx/bd71pjBn9tqQzO3I4Tayv94WPmBNwKC7CO1wPHdP9uvu+Md/1nr6VSH9h0iaA==
    dependencies:
      file-stream-rotator "^0.6.1"
      object-hash "^2.0.1"
      triple-beam "^1.3.0"
      winston-transport "^4.4.0"
  
  winston-transport@^4.3.0, winston-transport@^4.4.0, winston-transport@^4.5.0:
    version "4.5.0"
    resolved "https://registry.yarnpkg.com/winston-transport/-/winston-transport-4.5.0.tgz#6e7b0dd04d393171ed5e4e4905db265f7ab384fa"
    integrity sha512-YpZzcUzBedhlTAfJg6vJDlyEai/IFMIVcaEZZyl3UXIl4gmqRpU7AE89AHLkbzLUsv0NVmw7ts+iztqKxxPW1Q==
    dependencies:
      logform "^2.3.2"
      readable-stream "^3.6.0"
      triple-beam "^1.3.0"
  
  winston@^3.3.3:
    version "3.8.2"
    resolved "https://registry.yarnpkg.com/winston/-/winston-3.8.2.tgz#56e16b34022eb4cff2638196d9646d7430fdad50"
    integrity sha512-MsE1gRx1m5jdTTO9Ld/vND4krP2To+lgDoMEHGGa4HIlAUyXJtfc7CxQcGXVyz2IBpw5hbFkj2b/AtUdQwyRew==
    dependencies:
      "@colors/colors" "1.5.0"
      "@dabh/diagnostics" "^2.0.2"
      async "^3.2.3"
      is-stream "^2.0.0"
      logform "^2.4.0"
      one-time "^1.0.0"
      readable-stream "^3.4.0"
      safe-stable-stringify "^2.3.1"
      stack-trace "0.0.x"
      triple-beam "^1.3.0"
      winston-transport "^4.5.0"
